<?xml version="1.0" encoding="UTF-8"?>
<!-- Generated by org.testng.reporters.JUnitReportReporter -->
<testsuite hostname="Dipa" failures="0" tests="3" name="com.bd.TestNGExamples" time="0.011" errors="0" timestamp="2023-10-07T15:50:57 BDT" skipped="0">
  <testcase classname="com.bd.TestNGExamples" name="Test1" time="0.009"/>
  <system-out/>
  <testcase classname="com.bd.TestNGExamples" name="Test2" time="0.001"/>
  <system-out/>
  <testcase classname="com.bd.TestNGExamples" name="Test3" time="0.001"/>
  <system-out/>
</testsuite> <!-- com.bd.TestNGExamples -->
