<?xml version="1.0" encoding="UTF-8"?>
<!-- Generated by org.testng.reporters.JUnitReportReporter -->
<testsuite hostname="Dipa" failures="0" tests="1" name="com.bd.LocatorFinding" time="24.942" errors="0" timestamp="2023-10-08T12:08:51 BDT" skipped="0">
  <testcase classname="com.bd.LocatorFinding" name="locatorTest" time="24.942"/>
  <system-out/>
</testsuite> <!-- com.bd.LocatorFinding -->
