<?xml version="1.0" encoding="UTF-8"?>
<!-- Generated by org.testng.reporters.JUnitReportReporter -->
<testsuite hostname="Dipa" failures="0" tests="3" name="com.bd.TestNGExamples" time="0.007" errors="0" timestamp="2023-11-21T13:57:34 BDT" skipped="0">
  <testcase classname="com.bd.TestNGExamples" name="Test1" time="0.004"/>
  <system-out/>
  <testcase classname="com.bd.TestNGExamples" name="Test2" time="0.002"/>
  <system-out/>
  <testcase classname="com.bd.TestNGExamples" name="Test3" time="0.001"/>
  <system-out/>
</testsuite> <!-- com.bd.TestNGExamples -->
