<?xml version="1.0" encoding="UTF-8"?>
<!-- Generated by org.testng.reporters.JUnitReportReporter -->
<testsuite hostname="Dipa" failures="0" tests="1" name="com.bd.LocatorFinding" time="23.694" errors="0" timestamp="2023-11-08T14:52:25 BDT" skipped="0">
  <testcase classname="com.bd.LocatorFinding" name="locatorTest" time="23.694"/>
  <system-out/>
</testsuite> <!-- com.bd.LocatorFinding -->
